
Gurobi 11.0.3 (win64) logging started Thu Dec  5 18:24:03 2024

Set parameter LogFile to value "resulturbs-rerun-20241205T1823scenario_base_minstock.log"
Gurobi Optimizer version 11.0.3 build v11.0.3rc0 (win64 - Windows 10.0 (19045.2))

CPU model: AMD Ryzen 5 1600X Six-Core Processor, instruction set [SSE2|AVX|AVX2]
Thread count: 6 physical cores, 12 logical processors, using up to 12 threads

Optimize a model with 5456 rows, 4623 columns and 41497 nonzeros
Model fingerprint: 0xb606dc99
Coefficient statistics:
  Matrix range     [1e-03, 9e+06]
  Objective range  [1e+00, 1e+00]
  Bounds range     [0e+00, 0e+00]
  RHS range        [2e+03, 1e+12]
Warning: Model contains large rhs
         Consider reformulating model or setting NumericFocus parameter
         to avoid numerical issues.
Presolve removed 4516 rows and 3824 columns
Presolve time: 0.08s
Presolved: 940 rows, 799 columns, 11316 nonzeros

Concurrent LP optimizer: primal simplex, dual simplex, and barrier
Showing barrier log only...

Ordering time: 0.03s

Barrier statistics:
 AA' NZ     : 2.815e+04
 Factor NZ  : 4.758e+04 (roughly 1 MB of memory)
 Factor Ops : 3.425e+06 (less than 1 second per iteration)
 Threads    : 4

Barrier performed 0 iterations in 0.15 seconds (0.01 work units)
Barrier solve interrupted - model solved by another algorithm


Solved with dual simplex
Iteration    Objective       Primal Inf.    Dual Inf.      Time
     364    3.4211973e+12   0.000000e+00   0.000000e+00      0s

Solved in 364 iterations and 0.21 seconds (0.02 work units)
Optimal objective  3.421197312e+12
